This is pdfTeX, Version 3.141592653-2.6-1.40.24 (TeX Live 2022) (preloaded format=pdflatex 2023.2.19)  5 JUN 2023 14:25
entering extended mode
 restricted \write18 enabled.
 file:line:error style messages enabled.
 %&-line parsing enabled.
**c:/Users/gunarsab/_home/Repos/LU-IS-Exam/project.tex
(c:/Users/gunarsab/_home/Repos/LU-IS-Exam/project.tex
LaTeX2e <2022-11-01> patch level 1
L3 programming layer <2023-02-07> (c:/Applications/texlive/2022/texmf-dist/tex/latex/base/article.cls
Document Class: article 2022/07/02 v1.4n Standard LaTeX document class
(c:/Applications/texlive/2022/texmf-dist/tex/latex/base/size10.clo
File: size10.clo 2022/07/02 v1.4n Standard LaTeX file (size option)
)
\c@part=\count185
\c@section=\count186
\c@subsection=\count187
\c@subsubsection=\count188
\c@paragraph=\count189
\c@subparagraph=\count190
\c@figure=\count191
\c@table=\count192
\abovecaptionskip=\skip48
\belowcaptionskip=\skip49
\bibindent=\dimen140
) (c:/Applications/texlive/2022/texmf-dist/tex/latex/graphics/graphicx.sty
Package: graphicx 2021/09/16 v1.2d Enhanced LaTeX Graphics (DPC,SPQR)
 (c:/Applications/texlive/2022/texmf-dist/tex/latex/graphics/keyval.sty
Package: keyval 2022/05/29 v1.15 key=value parser (DPC)
\KV@toks@=\toks16
) (c:/Applications/texlive/2022/texmf-dist/tex/latex/graphics/graphics.sty
Package: graphics 2022/03/10 v1.4e Standard LaTeX Graphics (DPC,SPQR)
 (c:/Applications/texlive/2022/texmf-dist/tex/latex/graphics/trig.sty
Package: trig 2021/08/11 v1.11 sin cos tan (DPC)
) (c:/Applications/texlive/2022/texmf-dist/tex/latex/graphics-cfg/graphics.cfg
File: graphics.cfg 2016/06/04 v1.11 sample graphics configuration
)
Package graphics Info: Driver file: pdftex.def on input line 107.
 (c:/Applications/texlive/2022/texmf-dist/tex/latex/graphics-def/pdftex.def
File: pdftex.def 2022/09/22 v1.2b Graphics/color driver for pdftex
))
\Gin@req@height=\dimen141
\Gin@req@width=\dimen142
) (c:/Applications/texlive/2022/texmf-dist/tex/latex/adjustbox/adjustbox.sty
Package: adjustbox 2022/10/17 v1.3a Adjusting TeX boxes (trim, clip, ...)
 (c:/Applications/texlive/2022/texmf-dist/tex/latex/xkeyval/xkeyval.sty
Package: xkeyval 2022/06/16 v2.9 package option processing (HA)
 (c:/Applications/texlive/2022/texmf-dist/tex/generic/xkeyval/xkeyval.tex (c:/Applications/texlive/2022/texmf-dist/tex/generic/xkeyval/xkvutils.tex
\XKV@toks=\toks17
\XKV@tempa@toks=\toks18
)
\XKV@depth=\count193
File: xkeyval.tex 2014/12/03 v2.7a key=value parser (HA)
)) (c:/Applications/texlive/2022/texmf-dist/tex/latex/adjustbox/adjcalc.sty
Package: adjcalc 2012/05/16 v1.1 Provides advanced setlength with multiple back-ends (calc, etex, pgfmath)
) (c:/Applications/texlive/2022/texmf-dist/tex/latex/adjustbox/trimclip.sty
Package: trimclip 2020/08/19 v1.2 Trim and clip general TeX material
 (c:/Applications/texlive/2022/texmf-dist/tex/latex/collectbox/collectbox.sty
Package: collectbox 2022/10/17 v0.4c Collect macro arguments as boxes
\collectedbox=\box51
)
\tc@llx=\dimen143
\tc@lly=\dimen144
\tc@urx=\dimen145
\tc@ury=\dimen146
Package trimclip Info: Using driver 'tc-pdftex.def'.
 (c:/Applications/texlive/2022/texmf-dist/tex/latex/adjustbox/tc-pdftex.def
File: tc-pdftex.def 2019/01/04 v2.2 Clipping driver for pdftex
))
\adjbox@Width=\dimen147
\adjbox@Height=\dimen148
\adjbox@Depth=\dimen149
\adjbox@Totalheight=\dimen150
\adjbox@pwidth=\dimen151
\adjbox@pheight=\dimen152
\adjbox@pdepth=\dimen153
\adjbox@ptotalheight=\dimen154
 (c:/Applications/texlive/2022/texmf-dist/tex/latex/ifoddpage/ifoddpage.sty
Package: ifoddpage 2022/10/18 v1.2 Conditionals for odd/even page detection
\c@checkoddpage=\count194
) (c:/Applications/texlive/2022/texmf-dist/tex/latex/varwidth/varwidth.sty
Package: varwidth 2009/03/30 ver 0.92;  Variable-width minipages
\@vwid@box=\box52
\sift@deathcycles=\count195
\@vwid@loff=\dimen155
\@vwid@roff=\dimen156
)) (c:/Applications/texlive/2022/texmf-dist/tex/latex/l3backend/l3backend-pdftex.def
File: l3backend-pdftex.def 2023-01-16 L3 backend support: PDF output (pdfTeX)
\l__color_backend_stack_int=\count196
\l__pdf_internal_box=\box53
) (./project.aux)
\openout1 = `project.aux'.

LaTeX Font Info:    Checking defaults for OML/cmm/m/it on input line 10.
LaTeX Font Info:    ... okay on input line 10.
LaTeX Font Info:    Checking defaults for OMS/cmsy/m/n on input line 10.
LaTeX Font Info:    ... okay on input line 10.
LaTeX Font Info:    Checking defaults for OT1/cmr/m/n on input line 10.
LaTeX Font Info:    ... okay on input line 10.
LaTeX Font Info:    Checking defaults for T1/cmr/m/n on input line 10.
LaTeX Font Info:    ... okay on input line 10.
LaTeX Font Info:    Checking defaults for TS1/cmr/m/n on input line 10.
LaTeX Font Info:    ... okay on input line 10.
LaTeX Font Info:    Checking defaults for OMX/cmex/m/n on input line 10.
LaTeX Font Info:    ... okay on input line 10.
LaTeX Font Info:    Checking defaults for U/cmr/m/n on input line 10.
LaTeX Font Info:    ... okay on input line 10.
 (c:/Applications/texlive/2022/texmf-dist/tex/context/base/mkii/supp-pdf.mkii
[Loading MPS to PDF converter (version 2006.09.02).]
\scratchcounter=\count197
\scratchdimen=\dimen157
\scratchbox=\box54
\nofMPsegments=\count198
\nofMParguments=\count199
\everyMPshowfont=\toks19
\MPscratchCnt=\count266
\MPscratchDim=\dimen158
\MPnumerator=\count267
\makeMPintoPDFobject=\count268
\everyMPtoPDFconversion=\toks20
) (c:/Applications/texlive/2022/texmf-dist/tex/latex/epstopdf-pkg/epstopdf-base.sty
Package: epstopdf-base 2020-01-24 v2.11 Base part for package epstopdf
Package epstopdf-base Info: Redefining graphics rule for `.eps' on input line 485.
 (c:/Applications/texlive/2022/texmf-dist/tex/latex/latexconfig/epstopdf-sys.cfg
File: epstopdf-sys.cfg 2010/07/13 v1.3 Configuration of (r)epstopdf for TeX Live
))
LaTeX Font Info:    External font `cmex10' loaded for size
(Font)              <12> on input line 12.
LaTeX Font Info:    External font `cmex10' loaded for size
(Font)              <8> on input line 12.
LaTeX Font Info:    External font `cmex10' loaded for size
(Font)              <6> on input line 12.
<./images//Excel.png, id=1, 1084.05pt x 642.14906pt>
File: ./images//Excel.png Graphic file (type png)
<use ./images//Excel.png>
Package pdftex.def Info: ./images//Excel.png  used on input line 24.
(pdftex.def)             Requested size: 310.4979pt x 183.92563pt.

Overfull \hbox (15.0pt too wide) in paragraph at lines 24--25
[][] 
 []

LaTeX Font Info:    External font `cmex10' loaded for size
(Font)              <7> on input line 26.
LaTeX Font Info:    External font `cmex10' loaded for size
(Font)              <5> on input line 26.
<./images//Transform.png, id=3, 1010.27437pt x 572.1375pt>
File: ./images//Transform.png Graphic file (type png)
<use ./images//Transform.png>
Package pdftex.def Info: ./images//Transform.png  used on input line 28.
(pdftex.def)             Requested size: 310.4979pt x 175.84175pt.

Overfull \hbox (15.0pt too wide) in paragraph at lines 28--29
[][] 
 []

[1

{c:/Applications/texlive/2022/texmf-var/fonts/map/pdftex/updmap/pdftex.map} <./images//Excel.png>]
<./images//Map.png, id=15, 1084.05pt x 642.14906pt>
File: ./images//Map.png Graphic file (type png)
<use ./images//Map.png>
Package pdftex.def Info: ./images//Map.png  used on input line 34.
(pdftex.def)             Requested size: 310.4979pt x 183.92563pt.

Overfull \hbox (15.0pt too wide) in paragraph at lines 34--35
[][] 
 []

<./images//Color.png, id=16, 1059.58359pt x 604.88484pt>
File: ./images//Color.png Graphic file (type png)
<use ./images//Color.png>
Package pdftex.def Info: ./images//Color.png  used on input line 38.
(pdftex.def)             Requested size: 310.4979pt x 177.24884pt.

Overfull \hbox (15.0pt too wide) in paragraph at lines 38--39
[][] 
 []

[2 <./images//Transform.png> <./images//Map.png>]
<./images//Line.png, id=24, 1084.05pt x 642.14906pt>
File: ./images//Line.png Graphic file (type png)
<use ./images//Line.png>
Package pdftex.def Info: ./images//Line.png  used on input line 51.
(pdftex.def)             Requested size: 310.4979pt x 183.92563pt.

Overfull \hbox (15.0pt too wide) in paragraph at lines 51--52
[][] 
 []

[3 <./images//Color.png> <./images//Line.png>]
<./images//Column.png, id=31, 1084.05pt x 642.14906pt>
File: ./images//Column.png Graphic file (type png)
<use ./images//Column.png>
Package pdftex.def Info: ./images//Column.png  used on input line 66.
(pdftex.def)             Requested size: 310.4979pt x 183.92563pt.

Overfull \hbox (15.0pt too wide) in paragraph at lines 66--67
[][] 
 []

<./images//Scatter.png, id=32, 1084.05pt x 642.14906pt>
File: ./images//Scatter.png Graphic file (type png)
<use ./images//Scatter.png>
Package pdftex.def Info: ./images//Scatter.png  used on input line 81.
(pdftex.def)             Requested size: 310.4979pt x 183.92563pt.

Overfull \hbox (15.0pt too wide) in paragraph at lines 81--82
[][] 
 []

[4 <./images//Column.png>]
<./images//Matrix.png, id=37, 1084.05pt x 642.14906pt>
File: ./images//Matrix.png Graphic file (type png)
<use ./images//Matrix.png>
Package pdftex.def Info: ./images//Matrix.png  used on input line 92.
(pdftex.def)             Requested size: 310.4979pt x 183.92563pt.

Overfull \hbox (15.0pt too wide) in paragraph at lines 92--93
[][] 
 []

[5 <./images//Scatter.png> <./images//Matrix.png>]
<./images//Overview.png, id=43, 842.39719pt x 475.7775pt>
File: ./images//Overview.png Graphic file (type png)
<use ./images//Overview.png>
Package pdftex.def Info: ./images//Overview.png  used on input line 106.
(pdftex.def)             Requested size: 310.4979pt x 175.367pt.

Overfull \hbox (15.0pt too wide) in paragraph at lines 106--107
[][] 
 []

<./images//Latvia.png, id=44, 838.63312pt x 471.63702pt>
File: ./images//Latvia.png Graphic file (type png)
<use ./images//Latvia.png>
Package pdftex.def Info: ./images//Latvia.png  used on input line 110.
(pdftex.def)             Requested size: 310.4979pt x 174.6181pt.

Overfull \hbox (15.0pt too wide) in paragraph at lines 110--111
[][] 
 []

<./images//Greece.png, id=45, 838.63312pt x 470.13141pt>
File: ./images//Greece.png Graphic file (type png)
<use ./images//Greece.png>
Package pdftex.def Info: ./images//Greece.png  used on input line 114.
(pdftex.def)             Requested size: 310.4979pt x 174.06067pt.

Overfull \hbox (15.0pt too wide) in paragraph at lines 114--115
[][] 
 []

[6 <./images//Overview.png> <./images//Latvia.png>]
<./images//Publish.png, id=51, 1076.89828pt x 576.65437pt>
File: ./images//Publish.png Graphic file (type png)
<use ./images//Publish.png>
Package pdftex.def Info: ./images//Publish.png  used on input line 118.
(pdftex.def)             Requested size: 310.4979pt x 166.26639pt.

Overfull \hbox (15.0pt too wide) in paragraph at lines 118--119
[][] 
 []

[7 <./images//Greece.png> <./images//Publish.png>] (./project.aux) ) 
Here is how much of TeX's memory you used:
 2584 strings out of 476029
 45474 string characters out of 5787677
 1855340 words of memory out of 5000000
 23024 multiletter control sequences out of 15000+600000
 517189 words of font info for 48 fonts, out of 8000000 for 9000
 1141 hyphenation exceptions out of 8191
 57i,7n,62p,278b,209s stack positions out of 10000i,1000n,20000p,200000b,200000s
{c:/Applications/texlive/2022/texmf-dist/fonts/enc/dvips/cm-super/cm-super-ts1.enc}<c:/Applications/texlive/2022/texmf-dist/fonts/type1/public/amsfonts/cm/cmbx10.pfb><c:/Applications/texlive/2022/texmf-dist/fonts/type1/public/amsfonts/cm/cmbx12.pfb><c:/Applications/texlive/2022/texmf-dist/fonts/type1/public/amsfonts/cm/cmbx6.pfb><c:/Applications/texlive/2022/texmf-dist/fonts/type1/public/amsfonts/cm/cmr10.pfb><c:/Applications/texlive/2022/texmf-dist/fonts/type1/public/amsfonts/cm/cmr12.pfb><c:/Applications/texlive/2022/texmf-dist/fonts/type1/public/amsfonts/cm/cmr17.pfb><c:/Applications/texlive/2022/texmf-dist/fonts/type1/public/amsfonts/cm/cmr5.pfb><c:/Applications/texlive/2022/texmf-dist/fonts/type1/public/cm-super/sfrm1000.pfb>
Output written on project.pdf (7 pages, 4551817 bytes).
PDF statistics:
 94 PDF objects out of 1000 (max. 8388607)
 44 compressed objects within 1 object stream
 0 named destinations out of 1000 (max. 500000)
 61 words of extra memory for PDF output out of 10000 (max. 10000000)

